#!/usr/bin/env bash
#-------------------------------------------------------
#	FileName	: math.ln.sh
#	Author		：hpy
#	Date		：2021年04月25日
#	Description	：自然对数
#-------------------------------------------------------
#UFUNCTION=log10(x)

scale=10  #精度
cmd="math.log"
function main(){
    if [ $# -eq 2 ] ; then
        if [ $(IsNumber $2) -eq 0 ] && [ $2 -gt 0 ] ; then 
            scale=$2
        else 
            err
        fi 
    fi

    if [ $# -gt 0 ] && [ $# -lt 3 ] ; then
        mlog $1
    else 
        err
    fi    

}

function err() {
    echo " Use : $cmd data [scale]"
    echo 
    exit 2
}
#------------------------------
#判断字符串是否为数字
#@return   0：是  1：不是
#------------------------------
function IsNumber() {
    local y=$(echo "$1" | sed 's/[0-9]//g')
    if [ -z "$y" ];then
        echo 0 #是数字
    else
        echo 1 #"不是数字"
    fi
}

#------------------
#cos
#------------------
function mlog(){
    echo "scale=$scale;l($1)/l(10)" | bc -l
}

main $* 